# JRE version: OpenJDK Runtime Environment (11.0.10) (build 11.0.10+0-b96-7249189)
# Java VM: OpenJDK 64-Bit Server VM (11.0.10+0-b96-7249189, mixed mode, tiered, compressed oops, g1 gc, windows-amd64)
Heap:
 garbage-first heap   total 131072K, used 71225K [0x0000000080000000, 0x0000000100000000)
  region size 1024K, 20 young (20480K), 3 survivors (3072K)
 Metaspace       used 74343K, capacity 76111K, committed 76236K, reserved 1116160K
  class space    used 9703K, capacity 10326K, committed 10444K, reserved 1048576K
GC Heap History (20 events):
Event: 8.157 GC heap before
{Heap before GC invocations=4 (full 0):
 garbage-first heap   total 131072K, used 74725K [0x0000000080000000, 0x0000000100000000)
  region size 1024K, 58 young (59392K), 1 survivors (1024K)
 Metaspace       used 26274K, capacity 26925K, committed 27008K, reserved 1073152K
  class space    used 3452K, capacity 3704K, committed 3712K, reserved 1048576K
}
Event: 8.163 GC heap after
{Heap after GC invocations=5 (full 0):
 garbage-first heap   total 131072K, used 18114K [0x0000000080000000, 0x0000000100000000)
  region size 1024K, 3 young (3072K), 3 survivors (3072K)
 Metaspace       used 26274K, capacity 26925K, committed 27008K, reserved 1073152K
  class space    used 3452K, capacity 3704K, committed 3712K, reserved 1048576K
}
Event: 10.560 GC heap before
{Heap before GC invocations=5 (full 0):
 garbage-first heap   total 131072K, used 71362K [0x0000000080000000, 0x0000000100000000)
  region size 1024K, 56 young (57344K), 3 survivors (3072K)
 Metaspace       used 35048K, capacity 35830K, committed 35840K, reserved 1081344K
  class space    used 4539K, capacity 4864K, committed 4864K, reserved 1048576K
}
Event: 10.575 GC heap after
{Heap after GC invocations=6 (full 0):
 garbage-first heap   total 131072K, used 21553K [0x0000000080000000, 0x0000000100000000)
  region size 1024K, 6 young (6144K), 6 survivors (6144K)
 Metaspace       used 35048K, capacity 35830K, committed 35840K, reserved 1081344K
  class space    used 4539K, capacity 4864K, committed 4864K, reserved 1048576K
}
Event: 12.362 GC heap before
{Heap before GC invocations=7 (full 0):
 garbage-first heap   total 131072K, used 88113K [0x0000000080000000, 0x0000000100000000)
  region size 1024K, 68 young (69632K), 6 survivors (6144K)
 Metaspace       used 39512K, capacity 40495K, committed 40780K, reserved 1085440K
  class space    used 5052K, capacity 5390K, committed 5452K, reserved 1048576K
}
Event: 12.390 GC heap after
{Heap after GC invocations=8 (full 0):
 garbage-first heap   total 131072K, used 26672K [0x0000000080000000, 0x0000000100000000)
  region size 1024K, 9 young (9216K), 9 survivors (9216K)
 Metaspace       used 39512K, capacity 40495K, committed 40780K, reserved 1085440K
  class space    used 5052K, capacity 5390K, committed 5452K, reserved 1048576K
}
Event: 17.512 GC heap before
{Heap before GC invocations=8 (full 0):
 garbage-first heap   total 131072K, used 90160K [0x0000000080000000, 0x0000000100000000)
  region size 1024K, 70 young (71680K), 9 survivors (9216K)
 Metaspace       used 45054K, capacity 46199K, committed 46540K, reserved 1089536K
  class space    used 5790K, capacity 6221K, committed 6348K, reserved 1048576K
}
Event: 17.526 GC heap after
{Heap after GC invocations=9 (full 0):
 garbage-first heap   total 131072K, used 28664K [0x0000000080000000, 0x0000000100000000)
  region size 1024K, 3 young (3072K), 3 survivors (3072K)
 Metaspace       used 45054K, capacity 46199K, committed 46540K, reserved 1089536K
  class space    used 5790K, capacity 6221K, committed 6348K, reserved 1048576K
}
Event: 23.173 GC heap before
{Heap before GC invocations=9 (full 0):
 garbage-first heap   total 131072K, used 97272K [0x0000000080000000, 0x0000000100000000)
  region size 1024K, 66 young (67584K), 3 survivors (3072K)
 Metaspace       used 48815K, capacity 50176K, committed 50252K, reserved 1093632K
  class space    used 6225K, capacity 6696K, committed 6732K, reserved 1048576K
}
Event: 23.190 GC heap after
{Heap after GC invocations=10 (full 0):
 garbage-first heap   total 131072K, used 40538K [0x0000000080000000, 0x0000000100000000)
  region size 1024K, 9 young (9216K), 9 survivors (9216K)
 Metaspace       used 48815K, capacity 50176K, committed 50252K, reserved 1093632K
  class space    used 6225K, capacity 6696K, committed 6732K, reserved 1048576K
}
Event: 25.422 GC heap before
{Heap before GC invocations=10 (full 0):
 garbage-first heap   total 131072K, used 96858K [0x0000000080000000, 0x0000000100000000)
  region size 1024K, 64 young (65536K), 9 survivors (9216K)
 Metaspace       used 57527K, capacity 58989K, committed 59084K, reserved 1099776K
  class space    used 7306K, capacity 7862K, committed 7884K, reserved 1048576K
}
Event: 25.437 GC heap after
{Heap after GC invocations=11 (full 0):
 garbage-first heap   total 131072K, used 43653K [0x0000000080000000, 0x0000000100000000)
  region size 1024K, 3 young (3072K), 3 survivors (3072K)
 Metaspace       used 57527K, capacity 58989K, committed 59084K, reserved 1099776K
  class space    used 7306K, capacity 7862K, committed 7884K, reserved 1048576K
}
Event: 25.613 GC heap before
{Heap before GC invocations=11 (full 0):
 garbage-first heap   total 131072K, used 50821K [0x0000000080000000, 0x0000000100000000)
  region size 1024K, 11 young (11264K), 3 survivors (3072K)
 Metaspace       used 58664K, capacity 60157K, committed 60236K, reserved 1101824K
  class space    used 7441K, capacity 7974K, committed 8012K, reserved 1048576K
}
Event: 25.621 GC heap after
{Heap after GC invocations=12 (full 0):
 garbage-first heap   total 131072K, used 44180K [0x0000000080000000, 0x0000000100000000)
  region size 1024K, 4 young (4096K), 4 survivors (4096K)
 Metaspace       used 58664K, capacity 60157K, committed 60236K, reserved 1101824K
  class space    used 7441K, capacity 7974K, committed 8012K, reserved 1048576K
}
Event: 27.081 GC heap before
{Heap before GC invocations=13 (full 0):
 garbage-first heap   total 131072K, used 95380K [0x0000000080000000, 0x0000000100000000)
  region size 1024K, 54 young (55296K), 4 survivors (4096K)
 Metaspace       used 63047K, capacity 64574K, committed 64716K, reserved 1105920K
  class space    used 8008K, capacity 8559K, committed 8652K, reserved 1048576K
}
Event: 27.097 GC heap after
{Heap after GC invocations=14 (full 0):
 garbage-first heap   total 131072K, used 47582K [0x0000000080000000, 0x0000000100000000)
  region size 1024K, 7 young (7168K), 7 survivors (7168K)
 Metaspace       used 63047K, capacity 64574K, committed 64716K, reserved 1105920K
  class space    used 8008K, capacity 8559K, committed 8652K, reserved 1048576K
}
Event: 28.262 GC heap before
{Heap before GC invocations=15 (full 0):
 garbage-first heap   total 131072K, used 97758K [0x0000000080000000, 0x0000000100000000)
  region size 1024K, 56 young (57344K), 7 survivors (7168K)
 Metaspace       used 67069K, capacity 68652K, committed 68940K, reserved 1110016K
  class space    used 8682K, capacity 9253K, committed 9292K, reserved 1048576K
}
Event: 28.280 GC heap after
{Heap after GC invocations=16 (full 0):
 garbage-first heap   total 131072K, used 52114K [0x0000000080000000, 0x0000000100000000)
  region size 1024K, 5 young (5120K), 5 survivors (5120K)
 Metaspace       used 67069K, capacity 68652K, committed 68940K, reserved 1110016K
  class space    used 8682K, capacity 9253K, committed 9292K, reserved 1048576K
}
Event: 30.774 GC heap before
{Heap before GC invocations=16 (full 0):
 garbage-first heap   total 131072K, used 100242K [0x0000000080000000, 0x0000000100000000)
  region size 1024K, 52 young (53248K), 5 survivors (5120K)
 Metaspace       used 71891K, capacity 73645K, committed 73804K, reserved 1114112K
  class space    used 9396K, capacity 10004K, committed 10060K, reserved 1048576K
}
Event: 30.789 GC heap after
{Heap after GC invocations=17 (full 0):
 garbage-first heap   total 131072K, used 54841K [0x0000000080000000, 0x0000000100000000)
  region size 1024K, 3 young (3072K), 3 survivors (3072K)
 Metaspace       used 71891K, capacity 73645K, committed 73804K, reserved 1114112K
  class space    used 9396K, capacity 10004K, committed 10060K, reserved 1048576K
}

